SET@_label0.set_text('''Scanning systems. This may require several minutes...''')
SET@_label0.set_text('''Scanning systems (os-prober). This may require several minutes...''')
SET@_label0.set_text('''Scanning systems (BIOS-session). This may require several minutes...''')
SET@_label0.set_text('''Scanning systems (BIOS-session). This may require several minutes...''')
/mnt/boot-sav/sda8/grub/menu.lst detected
SET@_label0.set_text('''Scanning systems (BIOS-session). Please wait few seconds...''')
SET@_vbox_bootrepairmenu.show()
SET@_label_bootrepairsubtitle.set_markup('''<b>Repair the boot of the computer</b>''')
SET@_label_recommendedrepair.set_text('''Recommended repair\n(repairs most frequent problems)''')
SET@_label_justbootinfo.set_text('''Create a BootInfo summary\n(to get help by email or forum)''')
SET@_label_pastebin.set_text('''Create a BootInfo summary (to get help by email or forum)''')
SET@_vbox_pastebin.show()
SET@_label_appname.set_markup('''<b><big>Boot-Repair</big></b>''')
SET@_label_appdescription.set_text('''Repair the boot of the computer''')
SET@_logobr.show()
SET@_logo_brmenu.show()
SET@_linkbutton_websitebr.show()
SET@_label_repairfilesystems.set_text('''Repair file systems''')
SET@_checkbutton_repairfilesystems.show()
SET@_label_wubi.set_text('''Repair Wubi filesystems''')
SET@_checkbutton_wubi.show()
SET@_mainwindow.set_title('''Boot Repair''')
SET@_mainwindow.set_icon_from_file('''x-boot-repair.png''')
SET@_label_advanced_options.set_text('''Advanced options''')
SET@_tab_main_options.set_text('''Main options''')
SET@_tab_grub_location.set_text('''GRUB location''')
SET@_tab_grub_options.set_text('''GRUB options''')
SET@_tab_mbr_options.set_text('''MBR options''')
SET@_tab_other_options.set_text('''Other options''')
SET@_label_unhide_boot_menu.set_text('''Unhide boot menu :''')
SET@_label_seconds.set_text('''seconds''')
SET@_label_reinstall_grub.set_text('''Reinstall GRUB''')
SET@_label_restore_mbr.set_text('''Restore MBR''')
SET@_label_restore_bkp.set_text('''Restore EFI backups''')
SET@_label_create_bkp.set_text('''Use the standard EFI file''')
SET@_label_winefi_bkp.set_text('''Backup and rename Windows EFI files (solves the [hard-coded-EFI] error)''')
SET@_label_bootflag.set_text('''Place the boot flag on:''')
SET@_label_ostoboot_bydefault.set_text('''OS to boot by default:''')
SET@_label_signed.set_text('''SecureBoot''')
SET@_label_purge_grub.set_text('''Purge GRUB before reinstalling it''')
SET@_label_separateboot.set_text('''Separate /boot partition:''')
SET@_label_efi.set_text('''Separate /boot/efi partition:''')
SET@_label_sepusr.set_text('''Separate /usr partition:''')
SET@_label_place_alldisks.set_text('''Place GRUB in all disks (except USB disks without OS)''')
SET@_label_place_grub.set_text('''Place GRUB into:''')
SET@_label_lastgrub.set_text('''Upgrade GRUB to its most recent version''')
SET@_label_legacy.set_text('''GRUB Legacy''')
SET@_label_blankextraspace.set_text('''Reset extra space after MBR (solves the [FlexNet] error)''')
SET@_label_uncomment_gfxmode.set_text('''Uncomment GRUB_GFXMODE (solves the [no-signal / out-of-range] error)''')
SET@_label_ata.set_text('''ATA disk support (solves the [out-of-disk] error)''')
SET@_label_add_kernel_option.set_text('''Add a kernel option:''')
COMBO@@END@@_combobox_add_kernel_option@@nomodeset
COMBO@@END@@_combobox_add_kernel_option@@acpi=off
COMBO@@END@@_combobox_add_kernel_option@@acpi_osi=
COMBO@@END@@_combobox_add_kernel_option@@edd=on
COMBO@@END@@_combobox_add_kernel_option@@i815modeset=1
COMBO@@END@@_combobox_add_kernel_option@@i915modeset=0
COMBO@@END@@_combobox_add_kernel_option@@i915.modeset=0 xforcevesa
COMBO@@END@@_combobox_add_kernel_option@@noapic
COMBO@@END@@_combobox_add_kernel_option@@nodmraid
COMBO@@END@@_combobox_add_kernel_option@@nolapic
COMBO@@END@@_combobox_add_kernel_option@@nomodeset radeon mode=0
COMBO@@END@@_combobox_add_kernel_option@@nomodeset radeon mode=1
COMBO@@END@@_combobox_add_kernel_option@@rootdelay=90
COMBO@@END@@_combobox_add_kernel_option@@vga=771
COMBO@@END@@_combobox_add_kernel_option@@xforcevesa
SET@_combobox_add_kernel_option.set_active(0)
SET@_combobox_add_kernel_option.set_sensitive(True)
SET@_label_kernelpurge.set_text('''Purge kernels then reinstall last kernel''')
SET@_label_open_etc_default_grub.set_text('''Edit GRUB configuration file''')
SET@_label_partition_booted_bymbr.set_text('''Partition booted by the MBR:''')
SET@_about.set_title('''About''')
SET@_about.set_icon_from_file('''x-boot-repair.png''')
SET@_label_translate.set_text('''Translate''')
SET@_label_thanks.set_text('''Credits''')
SET@_label_gpl.set_markup('''<small>GNU-GPL v3</small>''')
SET@_label_copyright.set_markup('''<small>(C) 2010-2020 Yann MRN</small>''')
SET@_backupwindow.set_title('''Boot Repair''')
SET@_label_pleasechoosebackuprep.set_text('''Please choose a folder to put the backup into.\nIt is recommended to choose a USB disk.''')
SET@_label_backup_table.set_text('''Backup partition tables, bootsectors and logs''')
SET@_label_winboot.set_text('''Repair Windows boot files''')
SET@_label_upload.set_text('''Upload the report to a pastebin''')
SET@_label_upload1.set_text('''Upload the report to a pastebin''')
SET@_label_stats.set_text('''Participate to statistics of use''')
SET@_label_internet.set_text('''Check internet connection''')
SET@_label_internet1.set_text('''Check internet connection''')
COMBO@@CLEAR@@_combobox_bootflag
SET@_label_restore_mbrof.set_text('''Restore the MBR of:''')
COMBO@@END@@_combobox_restore_mbrof@@sda (generic mbr)
COMBO@@END@@_combobox_restore_mbrof@@sda (generic altmbr)
COMBO@@END@@_combobox_restore_mbrof@@sda (generic gptmbr)
COMBO@@END@@_combobox_ostoboot_bydefault@@sda6 (Linux Mint 18.3 Sylvia (18.3))
COMBO@@END@@_combobox_ostoboot_bydefault@@Windows (via sda6 menu)
SET@_combobox_ostoboot_bydefault.set_sensitive(True)
SET@_button_recommendedrepair.set_sensitive(False)
SET@_checkbutton_repairfilesystems.set_active(False)
SET@_checkbutton_wubi.set_active(False)
SET@_checkbutton_wubi.set_sensitive(False)
SET@_checkbutton_pastebin.set_active(True)
SET@_checkbutton_upload.set_active(True)
SET@_checkbutton_unhide_boot_menu.set_active(True)
SET@_tab_grub_location.set_sensitive(True)
SET@_vbox_grub_location.show()
SET@_tab_grub_options.set_sensitive(True)
SET@_vbox_grub_options.show()
SET@_tab_mbr_options.set_sensitive(False)
SET@_vbox_mbr_options.hide()
SET@_checkbutton_restore_mbr.set_active(False)
SET@_checkbutton_restore_bkp.hide()
SET@_checkbutton_create_bkp.hide()
SET@_checkbutton_winefi_bkp.hide()
SET@_button_mainapply.set_sensitive(False)
SET@_vbox_sepusr.hide()
SET@_combobox_sepusr.set_sensitive(False)
SET@_label_sepusr.set_sensitive(False)
SET@_checkbutton_sepusr.set_active(False)
SET@_vbox_separateboot.hide()
SET@_checkbutton_separateboot.set_active(False)
SET@_combobox_separateboot.set_sensitive(False)
SET@_checkbutton_kernelpurge.set_active(False)
SET@_checkbutton_kernelpurge.set_sensitive(True)
SET@_button_open_etc_default_grub.show()
SET@_checkbutton_purge_grub.set_active(False)
SET@_checkbutton_purge_grub.set_sensitive(True)
COMBO@@CLEAR@@_combobox_efi
SET@_combobox_efi.set_active(0)
SET@_combobox_efi.set_sensitive(True)
SET@_checkbutton_signed.hide()
SET@_combobox_efi.set_sensitive(False)
SET@_vbox_place_or_force.show()
SET@_checkbutton_legacy.show()
SET@_checkbutton_legacy.set_sensitive(True)
SET@_button_open_etc_default_grub.show()
SET@_checkbutton_purge_grub.set_active(False)
SET@_checkbutton_purge_grub.set_sensitive(True)
SET@_checkbutton_lastgrub.show()
SET@_checkbutton_lastgrub.set_active(False)
SET@_checkbutton_lastgrub.set_sensitive(True)
SET@_checkbutton_restore_bkp.hide()
SET@_checkbutton_create_bkp.hide()
SET@_checkbutton_winefi_bkp.hide()
SET@_checkbutton_efi.set_active(False)
SET@_vbox_efi.hide()
SET@_button_open_etc_default_grub.show()
SET@_checkbutton_purge_grub.set_active(False)
SET@_checkbutton_purge_grub.set_sensitive(True)
COMBO@@CLEAR@@_combobox_place_grub
COMBO@@END@@_combobox_place_grub@@sda
SET@_combobox_place_grub.set_active(0)
SET@_radiobutton_place_grub.set_active(True)
SET@_combobox_place_grub.set_sensitive(True)
SET@_label_force_grub.set_text('''Force GRUB into: sda6 (for chainloader)''')
SET@_checkbutton_purge_grub.show()
SET@_checkbutton_legacy.set_sensitive(True)
SET@_button_open_etc_default_grub.show()
SET@_checkbutton_purge_grub.set_active(False)
SET@_checkbutton_purge_grub.set_sensitive(True)
SET@_checkbutton_lastgrub.show()
SET@_checkbutton_lastgrub.set_active(False)
SET@_checkbutton_lastgrub.set_sensitive(True)
SET@_combobox_add_kernel_option.set_sensitive(False)
SET@_checkbutton_blankextraspace.set_sensitive(True)
SET@_checkbutton_blankextraspace.set_active(False)
SET@_checkbutton_uncomment_gfxmode.set_active(False)
SET@_checkbutton_ata.set_active(False)
SET@_checkbutton_add_kernel_option.set_active(False)
SET@_button_mainapply.set_sensitive(True)
SET@_combobox_ostoboot_bydefault.set_active(0)
SET@_checkbutton_reinstall_grub.set_active(True)
SET@_hbox_bootflag.set_sensitive(False)
SET@_combobox_bootflag.set_sensitive(False)
SET@_checkbutton_bootflag.set_active(False)
SET@_vbox_winboot.set_sensitive(False)
SET@_button_recommendedrepair.set_sensitive(True)
SET@pulsatewindow.hide()
SET@_mainwindow.show()
/usr/share/boot-sav/gui-tab-other.sh: line 93:  3670 Terminated              while true; do
    echo 'SET@_progressbar1.pulse()'; sleep 0.2;
done
DEBUG=> in bash NOT GET _combobox_add_kernel_option nomodeset
DEBUG=> in bash NOT GET _checkbutton_unhide_boot_menu True
SET@_spinbutton_unhide_boot_menu.set_sensitive(True)
DEBUG=> in bash NOT GET _combobox_place_grub sda
DEBUG=> in bash NOT GET _combobox_ostoboot_bydefault sda6 (Linux Mint 18.3 Sylvia (18.3))
DEBUG=> in bash NOT GET _checkbutton_reinstall_grub True
SET@_tab_grub_location.set_sensitive(True)
SET@_vbox_grub_location.show()
SET@_tab_grub_options.set_sensitive(True)
SET@_vbox_grub_options.show()
SET@_tab_mbr_options.set_sensitive(False)
SET@_vbox_mbr_options.hide()
SET@_checkbutton_restore_mbr.set_active(False)
SET@_checkbutton_restore_bkp.hide()
SET@_checkbutton_create_bkp.hide()
SET@_checkbutton_winefi_bkp.hide()
SET@_button_mainapply.set_sensitive(False)
SET@_vbox_sepusr.hide()
SET@_combobox_sepusr.set_sensitive(False)
SET@_label_sepusr.set_sensitive(False)
SET@_checkbutton_sepusr.set_active(False)
SET@_vbox_separateboot.hide()
SET@_checkbutton_separateboot.set_active(False)
SET@_combobox_separateboot.set_sensitive(False)
SET@_checkbutton_kernelpurge.set_active(False)
SET@_checkbutton_kernelpurge.set_sensitive(True)
SET@_button_open_etc_default_grub.show()
SET@_checkbutton_purge_grub.set_active(False)
SET@_checkbutton_purge_grub.set_sensitive(True)
COMBO@@CLEAR@@_combobox_efi
SET@_combobox_efi.set_active(0)
SET@_combobox_efi.set_sensitive(True)
SET@_checkbutton_signed.hide()
SET@_combobox_efi.set_sensitive(False)
SET@_vbox_place_or_force.show()
SET@_checkbutton_legacy.show()
SET@_checkbutton_legacy.set_sensitive(True)
SET@_button_open_etc_default_grub.show()
SET@_checkbutton_purge_grub.set_active(False)
SET@_checkbutton_purge_grub.set_sensitive(True)
SET@_checkbutton_lastgrub.show()
SET@_checkbutton_lastgrub.set_active(False)
SET@_checkbutton_lastgrub.set_sensitive(True)
SET@_checkbutton_restore_bkp.hide()
SET@_checkbutton_create_bkp.hide()
SET@_checkbutton_winefi_bkp.hide()
SET@_checkbutton_efi.set_active(False)
SET@_vbox_efi.hide()
SET@_button_open_etc_default_grub.show()
SET@_checkbutton_purge_grub.set_active(False)
SET@_checkbutton_purge_grub.set_sensitive(True)
COMBO@@CLEAR@@_combobox_place_grub
COMBO@@END@@_combobox_place_grub@@sda
SET@_combobox_place_grub.set_active(0)
SET@_radiobutton_place_grub.set_active(True)
SET@_combobox_place_grub.set_sensitive(True)
SET@_label_force_grub.set_text('''Force GRUB into: sda6 (for chainloader)''')
SET@_checkbutton_purge_grub.show()
SET@_checkbutton_legacy.set_sensitive(True)
SET@_button_open_etc_default_grub.show()
SET@_checkbutton_purge_grub.set_active(False)
SET@_checkbutton_purge_grub.set_sensitive(True)
SET@_checkbutton_lastgrub.show()
SET@_checkbutton_lastgrub.set_active(False)
SET@_checkbutton_lastgrub.set_sensitive(True)
SET@_combobox_add_kernel_option.set_sensitive(False)
SET@_checkbutton_blankextraspace.set_sensitive(True)
SET@_checkbutton_blankextraspace.set_active(False)
SET@_checkbutton_uncomment_gfxmode.set_active(False)
SET@_checkbutton_ata.set_active(False)
SET@_checkbutton_add_kernel_option.set_active(False)
SET@_button_mainapply.set_sensitive(True)
SET@_combobox_ostoboot_bydefault.set_active(0)
DEBUG=> in bash NOT GET _combobox_place_grub sda
DEBUG=> in bash NOT GET _expander1 False
SET@_hbox_bootrepairmenu.hide()
SET@_button_mainapply.show()
SET@_mainwindow.resize(10,10)
DEBUG=> in bash NOT GET _button_justbootinfo clicked
SET@_mainwindow.hide()
SET@pulsatewindow.show()
SET@_progressbar1.pulse()
SET@_label0.set_text('''Create a BootInfo summary. This may require several minutes...''')


SET@_label0.set_text('''Create a BootInfo summary. This may require several minutes...''')
SET@_label0.set_text('''Create a BootInfo summary (bis). This may require several minutes...''')
SET@_progressbar1.pulse()
SET@_progressbar1.pulse()
SET@_progressbar1.pulse()
SET@_progressbar1.pulse()
SET@_progressbar1.pulse()
SET@_progressbar1.pulse()
SET@_progressbar1.pulse()
SET@_progressbar1.pulse()
SET@_progressbar1.pulse()
SET@_progressbar1.pulse()
SET@_progressbar1.pulse()
SET@_progressbar1.pulse()
SET@_progressbar1.pulse()
SET@_progressbar1.pulse()
SET@_progressbar1.pulse()
SET@_progressbar1.pulse()
SET@_progressbar1.pulse()
SET@_progressbar1.pulse()
SET@_progressbar1.pulse()
SET@_progressbar1.pulse()
SET@_progressbar1.pulse()
SET@_progressbar1.pulse()
SET@_progressbar1.pulse()
SET@_progressbar1.pulse()
SET@_progressbar1.pulse()
SET@_progressbar1.pulse()
SET@_progressbar1.pulse()
SET@_progressbar1.pulse()
SET@_progressbar1.pulse()
SET@_progressbar1.pulse()
SET@_progressbar1.pulse()
SET@_progressbar1.pulse()
SET@_progressbar1.pulse()
SET@_progressbar1.pulse()
SET@_progressbar1.pulse()
SET@_progressbar1.pulse()
SET@_progressbar1.pulse()
SET@_progressbar1.pulse()
SET@_label0.set_text('''Create a BootInfo summary (bs-check). This may require several minutes...''')
SET@_progressbar1.pulse()
SET@_progressbar1.pulse()
SET@_progressbar1.pulse()
SET@_progressbar1.pulse()
SET@_progressbar1.pulse()
SET@_progressbar1.pulse()
SET@_progressbar1.pulse()
SET@_progressbar1.pulse()
SET@_label0.set_text('''Create a BootInfo summary (ter). This may require several minutes...''')
SET@pulsatewindow.hide()
Upload the report to a pastebin ? no
SET@pulsatewindow.show()
SET@_label0.set_text('''Create a BootInfo summary (qua). This may require several minutes...''')
SET@_label0.set_text('''Create a BootInfo summary (net-check). This may require several minutes...''')
SET@_progressbar1.pulse()
SET@_label0.set_text('''Create a BootInfo summary. Please wait few seconds...''')
SET@pulsatewindow.hide()
